2021-01-24 18:35:12 INFO  com.example.BookApp.controllers.DefaultController     - /index.html
2021-01-24 18:35:12 INFO  com.example.BookApp.Service.BookService     - books init
2021-01-24 18:35:12 INFO  com.example.BookApp.Service.BookService     - getBooks [Book(id=1, author=Drucie Goodbourn, title=exploit real-time e-commerce, priceOld=$203.23, price=$43.37), Book(id=2, author=Marcia Aggiss, title=utilize real-time interfaces, priceOld=$260.31, price=$35.96), Book(id=3, author=Giovanni Bigg, title=extend strategic e-services, priceOld=$272.00, price=$151.04), Book(id=4, author=Duffie Eynon, title=iterate integrated solutions, priceOld=$271.58, price=$141.40), Book(id=5, author=Anselma McKennan, title=cultivate magnetic e-commerce, priceOld=$278.43, price=$54.44), Book(id=6, author=Gert Kira, title=architect vertical ROI, priceOld=$282.54, price=$102.61), Book(id=7, author=Clerc Djakovic, title=disintermediate extensible architectures, priceOld=$295.38, price=$181.27), Book(id=8, author=Stacee Elsy, title=extend leading-edge methodologies, priceOld=$283.08, price=$97.96), Book(id=9, author=Dorotea Bonhill, title=integrate one-to-one systems, priceOld=$258.51, price=$52.25), Book(id=10, author=Minni Bunney, title=revolutionize 24/7 infrastructures, priceOld=$260.79, price=$33.69), Book(id=11, author=Berty Gandley, title=enhance innovative e-services, priceOld=$256.54, price=$160.98), Book(id=12, author=Raynard Tesdale, title=maximize 24/365 e-tailers, priceOld=$262.07, price=$34.06), Book(id=13, author=Joanna Hutfield, title=scale integrated architectures, priceOld=$257.66, price=$32.97), Book(id=14, author=Dannie Glidder, title=e-enable frictionless web services, priceOld=$288.19, price=$90.52), Book(id=15, author=Timmie Adshede, title=strategize B2B channels, priceOld=$232.27, price=$44.83), Book(id=16, author=Fernando Neads, title=syndicate compelling deliverables, priceOld=$287.45, price=$101.89), Book(id=17, author=Teddy Guilliland, title=utilize bleeding-edge users, priceOld=$281.37, price=$146.21), Book(id=18, author=Paloma Grebert, title=cultivate 24/365 networks, priceOld=$270.99, price=$184.76), Book(id=19, author=Kristos Usher, title=embrace plug-and-play platforms, priceOld=$278.36, price=$77.71), Book(id=20, author=Darcey Rohmer, title=target innovative paradigms, priceOld=$298.94, price=$130.01), Book(id=21, author=Cristie Isacsson, title=generate open-source e-business, priceOld=$276.57, price=$113.25), Book(id=22, author=Lindsay Coutthart, title=implement user-centric e-markets, priceOld=$254.70, price=$115.31), Book(id=23, author=Helyn Schneidar, title=utilize magnetic supply-chains, priceOld=$279.70, price=$77.86), Book(id=24, author=Bette-ann Askem, title=e-enable dot-com supply-chains, priceOld=$297.83, price=$110.15), Book(id=25, author=Dom Robuchon, title=facilitate efficient eyeballs, priceOld=$232.30, price=$131.48)]
2021-01-24 18:35:47 INFO  com.example.BookApp.controllers.DefaultController     - /index.html
2021-01-24 18:35:47 INFO  com.example.BookApp.Service.BookService     - getBooks [Book(id=1, author=Drucie Goodbourn, title=exploit real-time e-commerce, priceOld=$203.23, price=$43.37), Book(id=2, author=Marcia Aggiss, title=utilize real-time interfaces, priceOld=$260.31, price=$35.96), Book(id=3, author=Giovanni Bigg, title=extend strategic e-services, priceOld=$272.00, price=$151.04), Book(id=4, author=Duffie Eynon, title=iterate integrated solutions, priceOld=$271.58, price=$141.40), Book(id=5, author=Anselma McKennan, title=cultivate magnetic e-commerce, priceOld=$278.43, price=$54.44), Book(id=6, author=Gert Kira, title=architect vertical ROI, priceOld=$282.54, price=$102.61), Book(id=7, author=Clerc Djakovic, title=disintermediate extensible architectures, priceOld=$295.38, price=$181.27), Book(id=8, author=Stacee Elsy, title=extend leading-edge methodologies, priceOld=$283.08, price=$97.96), Book(id=9, author=Dorotea Bonhill, title=integrate one-to-one systems, priceOld=$258.51, price=$52.25), Book(id=10, author=Minni Bunney, title=revolutionize 24/7 infrastructures, priceOld=$260.79, price=$33.69), Book(id=11, author=Berty Gandley, title=enhance innovative e-services, priceOld=$256.54, price=$160.98), Book(id=12, author=Raynard Tesdale, title=maximize 24/365 e-tailers, priceOld=$262.07, price=$34.06), Book(id=13, author=Joanna Hutfield, title=scale integrated architectures, priceOld=$257.66, price=$32.97), Book(id=14, author=Dannie Glidder, title=e-enable frictionless web services, priceOld=$288.19, price=$90.52), Book(id=15, author=Timmie Adshede, title=strategize B2B channels, priceOld=$232.27, price=$44.83), Book(id=16, author=Fernando Neads, title=syndicate compelling deliverables, priceOld=$287.45, price=$101.89), Book(id=17, author=Teddy Guilliland, title=utilize bleeding-edge users, priceOld=$281.37, price=$146.21), Book(id=18, author=Paloma Grebert, title=cultivate 24/365 networks, priceOld=$270.99, price=$184.76), Book(id=19, author=Kristos Usher, title=embrace plug-and-play platforms, priceOld=$278.36, price=$77.71), Book(id=20, author=Darcey Rohmer, title=target innovative paradigms, priceOld=$298.94, price=$130.01), Book(id=21, author=Cristie Isacsson, title=generate open-source e-business, priceOld=$276.57, price=$113.25), Book(id=22, author=Lindsay Coutthart, title=implement user-centric e-markets, priceOld=$254.70, price=$115.31), Book(id=23, author=Helyn Schneidar, title=utilize magnetic supply-chains, priceOld=$279.70, price=$77.86), Book(id=24, author=Bette-ann Askem, title=e-enable dot-com supply-chains, priceOld=$297.83, price=$110.15), Book(id=25, author=Dom Robuchon, title=facilitate efficient eyeballs, priceOld=$232.30, price=$131.48)]
2021-01-24 18:44:41 INFO  com.example.BookApp.controllers.DefaultController     - /authors/index.html
2021-01-24 19:08:27 INFO  com.example.BookApp.controllers.DefaultController     - /authors/index.html
2021-01-24 19:08:27 INFO  com.example.BookApp.Service.AuthorsService     - [D, M, G]
2021-01-24 19:08:28 INFO  com.example.BookApp.controllers.DefaultController     - /genres/index.html
2021-01-24 19:08:29 INFO  com.example.BookApp.controllers.DefaultController     - /authors/index.html
2021-01-24 19:08:29 INFO  com.example.BookApp.Service.AuthorsService     - [D, M, G]
2021-01-24 19:13:10 INFO  com.example.BookApp.controllers.DefaultController     - /authors/slug.html
2021-01-24 19:13:34 INFO  com.example.BookApp.controllers.DefaultController     - /authors/slug.html
2021-01-24 19:31:43 INFO  com.example.BookApp.controllers.DefaultController     - /genres/index.html
2021-01-24 19:31:44 INFO  com.example.BookApp.controllers.DefaultController     - /authors/index.html
2021-01-24 19:31:44 INFO  com.example.BookApp.Service.AuthorsService     - [D, M, G]
2021-01-24 19:31:44 INFO  com.example.BookApp.Service.AuthorsService     - [CharAndAuthorsList(firstCharFio=D, authors=[]), CharAndAuthorsList(firstCharFio=M, authors=[]), CharAndAuthorsList(firstCharFio=G, authors=[])]
2021-01-24 19:32:35 INFO  com.example.BookApp.controllers.DefaultController     - /genres/index.html
2021-01-24 19:32:36 INFO  com.example.BookApp.controllers.DefaultController     - /authors/index.html
2021-01-24 19:32:36 INFO  com.example.BookApp.Service.AuthorsService     - [D, M, G]
2021-01-24 19:34:02 INFO  com.example.BookApp.controllers.DefaultController     - /authors/index.html
2021-01-24 19:34:02 INFO  com.example.BookApp.Service.AuthorsService     - [D, M, G]
2021-01-24 19:34:02 INFO  com.example.BookApp.Service.AuthorsService     - select * from authors where substring(fio,0,1) ='[]'
2021-01-24 19:34:02 INFO  com.example.BookApp.Service.AuthorsService     - select * from authors where substring(fio,0,1) ='[CharAndAuthorsList(firstCharFio=D, authors=[])]'
2021-01-24 19:34:02 INFO  com.example.BookApp.Service.AuthorsService     - select * from authors where substring(fio,0,1) ='[CharAndAuthorsList(firstCharFio=D, authors=[]), CharAndAuthorsList(firstCharFio=M, authors=[])]'
2021-01-24 19:34:02 INFO  com.example.BookApp.Service.AuthorsService     - [CharAndAuthorsList(firstCharFio=D, authors=[]), CharAndAuthorsList(firstCharFio=M, authors=[]), CharAndAuthorsList(firstCharFio=G, authors=[])]
2021-01-24 19:34:36 INFO  com.example.BookApp.controllers.DefaultController     - /genres/index.html
2021-01-24 19:34:36 INFO  com.example.BookApp.controllers.DefaultController     - /authors/index.html
2021-01-24 19:34:36 INFO  com.example.BookApp.Service.AuthorsService     - [D, M, G]
2021-01-24 19:34:36 INFO  com.example.BookApp.Service.AuthorsService     - select * from authors where substring(fio,0,1) ='D'
2021-01-24 19:34:36 INFO  com.example.BookApp.Service.AuthorsService     - select * from authors where substring(fio,0,1) ='M'
2021-01-24 19:34:36 INFO  com.example.BookApp.Service.AuthorsService     - select * from authors where substring(fio,0,1) ='G'
2021-01-24 19:34:36 INFO  com.example.BookApp.Service.AuthorsService     - [CharAndAuthorsList(firstCharFio=D, authors=[Author(id=1, fio=Drucie Goodbourn, biography=Drucie Goodbourn biography), Author(id=4, fio=Duffie Eynon, biography=Duffie Eynon biography)]), CharAndAuthorsList(firstCharFio=M, authors=[Author(id=2, fio=Marcia Aggiss, biography=Marcia Aggiss biography)]), CharAndAuthorsList(firstCharFio=G, authors=[Author(id=3, fio=Giovanni Bigg, biography=Giovanni Bigg biography)])]
2021-01-24 19:47:05 INFO  com.example.BookApp.controllers.DefaultController     - /genres/index.html
2021-01-24 19:47:05 INFO  com.example.BookApp.controllers.DefaultController     - /authors/index.html
2021-01-24 19:47:05 INFO  com.example.BookApp.Service.AuthorsService     - [D, G, M]
2021-01-24 19:47:05 INFO  com.example.BookApp.Service.AuthorsService     - [CharAndAuthorsList(firstCharFio=D, authors=[Author(id=1, fio=Drucie Goodbourn, biography=Drucie Goodbourn biography), Author(id=4, fio=Duffie Eynon, biography=Duffie Eynon biography)]), CharAndAuthorsList(firstCharFio=G, authors=[Author(id=3, fio=Giovanni Bigg, biography=Giovanni Bigg biography)]), CharAndAuthorsList(firstCharFio=M, authors=[Author(id=2, fio=Marcia Aggiss, biography=Marcia Aggiss biography)])]
2021-01-24 20:02:29 INFO  com.example.BookApp.controllers.DefaultController     - /authors/index.html
2021-01-24 20:02:29 INFO  com.example.BookApp.Service.AuthorsService     - [D, G, M]
2021-01-24 20:02:29 INFO  com.example.BookApp.Service.AuthorsService     - [CharAndAuthorsList(firstCharFio=D, authors=[Author(id=1, fio=Drucie Goodbourn, biography=Drucie Goodbourn biography), Author(id=4, fio=Duffie Eynon, biography=Duffie Eynon biography)]), CharAndAuthorsList(firstCharFio=G, authors=[Author(id=3, fio=Giovanni Bigg, biography=Giovanni Bigg biography)]), CharAndAuthorsList(firstCharFio=M, authors=[Author(id=2, fio=Marcia Aggiss, biography=Marcia Aggiss biography)])]
2021-01-24 20:05:25 INFO  com.example.BookApp.controllers.DefaultController     - /authors/index.html
2021-01-24 20:05:25 INFO  com.example.BookApp.Service.AuthorsService     - [D, G, M]
2021-01-24 20:05:25 INFO  com.example.BookApp.Service.AuthorsService     - [CharAndAuthorsList(firstCharFio=D, authors=[Author(id=1, fio=Drucie Goodbourn, biography=Drucie Goodbourn biography), Author(id=4, fio=Duffie Eynon, biography=Duffie Eynon biography)]), CharAndAuthorsList(firstCharFio=G, authors=[Author(id=3, fio=Giovanni Bigg, biography=Giovanni Bigg biography)]), CharAndAuthorsList(firstCharFio=M, authors=[Author(id=2, fio=Marcia Aggiss, biography=Marcia Aggiss biography)])]
2021-01-24 20:05:42 INFO  com.example.BookApp.controllers.DefaultController     - /authors/slug.html
2021-01-24 20:11:35 INFO  com.example.BookApp.controllers.DefaultController     - /genres/index.html
2021-01-24 20:11:36 INFO  com.example.BookApp.controllers.DefaultController     - /authors/index.html
2021-01-24 20:11:36 INFO  com.example.BookApp.Service.AuthorsService     - [D, G, M]
2021-01-24 20:11:36 INFO  com.example.BookApp.Service.AuthorsService     - [CharAndAuthorsList(firstCharFio=D, authors=[Author(id=1, fio=Drucie Goodbourn, biography=Drucie Goodbourn biography), Author(id=4, fio=Duffie Eynon, biography=Duffie Eynon biography)]), CharAndAuthorsList(firstCharFio=G, authors=[Author(id=3, fio=Giovanni Bigg, biography=Giovanni Bigg biography)]), CharAndAuthorsList(firstCharFio=M, authors=[Author(id=2, fio=Marcia Aggiss, biography=Marcia Aggiss biography)])]
2021-01-24 20:11:36 INFO  com.example.BookApp.Service.AuthorsService     - [D, G, M]
2021-01-24 20:11:43 INFO  com.example.BookApp.controllers.DefaultController     - /authors/index.html
2021-01-24 20:11:43 INFO  com.example.BookApp.Service.AuthorsService     - [D, G, M]
2021-01-24 20:11:43 INFO  com.example.BookApp.Service.AuthorsService     - [CharAndAuthorsList(firstCharFio=D, authors=[Author(id=1, fio=Drucie Goodbourn, biography=Drucie Goodbourn biography), Author(id=4, fio=Duffie Eynon, biography=Duffie Eynon biography)]), CharAndAuthorsList(firstCharFio=G, authors=[Author(id=3, fio=Giovanni Bigg, biography=Giovanni Bigg biography)]), CharAndAuthorsList(firstCharFio=M, authors=[Author(id=2, fio=Marcia Aggiss, biography=Marcia Aggiss biography)])]
2021-01-24 20:11:43 INFO  com.example.BookApp.Service.AuthorsService     - [D, G, M]
2021-01-24 20:11:44 INFO  com.example.BookApp.controllers.DefaultController     - /authors/index.html
2021-01-24 20:11:44 INFO  com.example.BookApp.Service.AuthorsService     - [D, G, M]
2021-01-24 20:11:44 INFO  com.example.BookApp.Service.AuthorsService     - [CharAndAuthorsList(firstCharFio=D, authors=[Author(id=1, fio=Drucie Goodbourn, biography=Drucie Goodbourn biography), Author(id=4, fio=Duffie Eynon, biography=Duffie Eynon biography)]), CharAndAuthorsList(firstCharFio=G, authors=[Author(id=3, fio=Giovanni Bigg, biography=Giovanni Bigg biography)]), CharAndAuthorsList(firstCharFio=M, authors=[Author(id=2, fio=Marcia Aggiss, biography=Marcia Aggiss biography)])]
2021-01-24 20:11:44 INFO  com.example.BookApp.Service.AuthorsService     - [D, G, M]
2021-01-24 20:11:44 INFO  com.example.BookApp.controllers.DefaultController     - /authors/index.html
2021-01-24 20:11:44 INFO  com.example.BookApp.Service.AuthorsService     - [D, G, M]
2021-01-24 20:11:44 INFO  com.example.BookApp.Service.AuthorsService     - [CharAndAuthorsList(firstCharFio=D, authors=[Author(id=1, fio=Drucie Goodbourn, biography=Drucie Goodbourn biography), Author(id=4, fio=Duffie Eynon, biography=Duffie Eynon biography)]), CharAndAuthorsList(firstCharFio=G, authors=[Author(id=3, fio=Giovanni Bigg, biography=Giovanni Bigg biography)]), CharAndAuthorsList(firstCharFio=M, authors=[Author(id=2, fio=Marcia Aggiss, biography=Marcia Aggiss biography)])]
2021-01-24 20:11:44 INFO  com.example.BookApp.Service.AuthorsService     - [D, G, M]
2021-01-24 20:16:12 INFO  com.example.BookApp.controllers.DefaultController     - /authors/index.html
2021-01-24 20:16:12 INFO  com.example.BookApp.Service.AuthorsService     - [D, G, M]
2021-01-24 20:16:12 INFO  com.example.BookApp.Service.AuthorsService     - [CharAndAuthorsList(firstCharFio=D, authors=[Author(id=1, fio=Drucie Goodbourn, biography=Drucie Goodbourn biography), Author(id=4, fio=Duffie Eynon, biography=Duffie Eynon biography)]), CharAndAuthorsList(firstCharFio=G, authors=[Author(id=3, fio=Giovanni Bigg, biography=Giovanni Bigg biography)]), CharAndAuthorsList(firstCharFio=M, authors=[Author(id=2, fio=Marcia Aggiss, biography=Marcia Aggiss biography)])]
2021-01-24 20:16:12 INFO  com.example.BookApp.Service.AuthorsService     - [D, G, M]
2021-01-24 20:17:35 INFO  com.example.BookApp.controllers.DefaultController     - /authors/index.html
2021-01-24 20:17:35 INFO  com.example.BookApp.Service.AuthorsService     - [D, G, M]
2021-01-24 20:17:35 INFO  com.example.BookApp.Service.AuthorsService     - [CharAndAuthorsList(firstCharFio=D, authors=[Author(id=1, fio=Drucie Goodbourn, biography=Drucie Goodbourn biography), Author(id=4, fio=Duffie Eynon, biography=Duffie Eynon biography)]), CharAndAuthorsList(firstCharFio=G, authors=[Author(id=3, fio=Giovanni Bigg, biography=Giovanni Bigg biography)]), CharAndAuthorsList(firstCharFio=M, authors=[Author(id=2, fio=Marcia Aggiss, biography=Marcia Aggiss biography)])]
2021-01-24 20:17:35 INFO  com.example.BookApp.Service.AuthorsService     - [D, G, M]
2021-01-24 20:18:04 INFO  com.example.BookApp.controllers.DefaultController     - /genres/index.html
2021-01-24 20:18:05 INFO  com.example.BookApp.controllers.DefaultController     - /index.html
2021-01-24 20:18:05 INFO  com.example.BookApp.Service.BookService     - books init
2021-01-24 20:18:05 INFO  com.example.BookApp.Service.BookService     - getBooks [Book(id=1, author=Drucie Goodbourn, title=exploit real-time e-commerce, priceOld=$203.23, price=$43.37), Book(id=2, author=Marcia Aggiss, title=utilize real-time interfaces, priceOld=$260.31, price=$35.96), Book(id=3, author=Giovanni Bigg, title=extend strategic e-services, priceOld=$272.00, price=$151.04), Book(id=4, author=Duffie Eynon, title=iterate integrated solutions, priceOld=$271.58, price=$141.40), Book(id=5, author=Anselma McKennan, title=cultivate magnetic e-commerce, priceOld=$278.43, price=$54.44), Book(id=6, author=Gert Kira, title=architect vertical ROI, priceOld=$282.54, price=$102.61), Book(id=7, author=Clerc Djakovic, title=disintermediate extensible architectures, priceOld=$295.38, price=$181.27), Book(id=8, author=Stacee Elsy, title=extend leading-edge methodologies, priceOld=$283.08, price=$97.96), Book(id=9, author=Dorotea Bonhill, title=integrate one-to-one systems, priceOld=$258.51, price=$52.25), Book(id=10, author=Minni Bunney, title=revolutionize 24/7 infrastructures, priceOld=$260.79, price=$33.69), Book(id=11, author=Berty Gandley, title=enhance innovative e-services, priceOld=$256.54, price=$160.98), Book(id=12, author=Raynard Tesdale, title=maximize 24/365 e-tailers, priceOld=$262.07, price=$34.06), Book(id=13, author=Joanna Hutfield, title=scale integrated architectures, priceOld=$257.66, price=$32.97), Book(id=14, author=Dannie Glidder, title=e-enable frictionless web services, priceOld=$288.19, price=$90.52), Book(id=15, author=Timmie Adshede, title=strategize B2B channels, priceOld=$232.27, price=$44.83), Book(id=16, author=Fernando Neads, title=syndicate compelling deliverables, priceOld=$287.45, price=$101.89), Book(id=17, author=Teddy Guilliland, title=utilize bleeding-edge users, priceOld=$281.37, price=$146.21), Book(id=18, author=Paloma Grebert, title=cultivate 24/365 networks, priceOld=$270.99, price=$184.76), Book(id=19, author=Kristos Usher, title=embrace plug-and-play platforms, priceOld=$278.36, price=$77.71), Book(id=20, author=Darcey Rohmer, title=target innovative paradigms, priceOld=$298.94, price=$130.01), Book(id=21, author=Cristie Isacsson, title=generate open-source e-business, priceOld=$276.57, price=$113.25), Book(id=22, author=Lindsay Coutthart, title=implement user-centric e-markets, priceOld=$254.70, price=$115.31), Book(id=23, author=Helyn Schneidar, title=utilize magnetic supply-chains, priceOld=$279.70, price=$77.86), Book(id=24, author=Bette-ann Askem, title=e-enable dot-com supply-chains, priceOld=$297.83, price=$110.15), Book(id=25, author=Dom Robuchon, title=facilitate efficient eyeballs, priceOld=$232.30, price=$131.48)]
2021-01-24 20:18:07 INFO  com.example.BookApp.controllers.DefaultController     - /authors/index.html
2021-01-24 20:18:07 INFO  com.example.BookApp.Service.AuthorsService     - [D, G, M]
2021-01-24 20:18:07 INFO  com.example.BookApp.Service.AuthorsService     - [CharAndAuthorsList(firstCharFio=D, authors=[Author(id=1, fio=Drucie Goodbourn, biography=Drucie Goodbourn biography), Author(id=4, fio=Duffie Eynon, biography=Duffie Eynon biography)]), CharAndAuthorsList(firstCharFio=G, authors=[Author(id=3, fio=Giovanni Bigg, biography=Giovanni Bigg biography)]), CharAndAuthorsList(firstCharFio=M, authors=[Author(id=2, fio=Marcia Aggiss, biography=Marcia Aggiss biography)])]
2021-01-24 20:18:07 INFO  com.example.BookApp.Service.AuthorsService     - [D, G, M]
